<?xml version="1.0" encoding="UTF-8"?>
<!-- Generated by org.testng.reporters.JUnitXMLReporter -->
<testsuite hostname="Hayriyes-MBP" ignored="3" name="Ispeak Fuctional Regression Test" tests="3" failures="0" timestamp="2020-08-12T21:10:09 EDT" time="53.241" errors="0">
  <testcase name="loginInvalidTestcase" time="14.64" classname="com.qa.Ispeak.tests.HomePageTest"/>
  <testcase name="loginInvalidTestcase" time="13.96" classname="com.qa.Ispeak.tests.HomePageTest"/>
  <testcase name="loginInvalidTestcase" time="13.512" classname="com.qa.Ispeak.tests.HomePageTest"/>
  <testcase name="verifyPageHeadertest" time="0.0" classname="com.qa.Ispeak.tests.HomePageTest">
    <ignored/>
  </testcase> <!-- verifyPageHeadertest -->
  <testcase name="verifyChatBoxHeader" time="0.0" classname="com.qa.Ispeak.tests.HomePageTest">
    <ignored/>
  </testcase> <!-- verifyChatBoxHeader -->
  <testcase name="verifyPageTitleTest" time="0.0" classname="com.qa.Ispeak.tests.HomePageTest">
    <ignored/>
  </testcase> <!-- verifyPageTitleTest -->
</testsuite> <!-- Ispeak Fuctional Regression Test -->
