<?xml version="1.0" encoding="UTF-8"?>
<testng-results skipped="0" failed="0" ignored="3" total="6" passed="3">
  <reporter-output>
  </reporter-output>
  <suite name="Ispeak Regression Test Suite" duration-ms="53241" started-at="2020-08-12T21:09:15 EDT" finished-at="2020-08-12T21:10:09 EDT">
    <groups>
    </groups>
    <test name="Ispeak Fuctional Regression Test" duration-ms="53241" started-at="2020-08-12T21:09:15 EDT" finished-at="2020-08-12T21:10:09 EDT">
      <class name="com.qa.Ispeak.tests.HomePageTest">
        <test-method status="PASS" signature="setUp()[pri:0, instance:com.qa.Ispeak.tests.HomePageTest@4c9e9fb8]" name="setUp" is-config="true" duration-ms="10648" started-at="2020-08-12T21:09:16 EDT" finished-at="2020-08-12T21:09:26 EDT">
          <reporter-output>
          </reporter-output>
        </test-method> <!-- setUp -->
        <test-method status="PASS" signature="loginInvalidTestcase(java.lang.String, java.lang.String)[pri:4, instance:com.qa.Ispeak.tests.HomePageTest@4c9e9fb8]" name="loginInvalidTestcase" duration-ms="14640" started-at="2020-08-12T21:09:26 EDT" data-provider="getLoginInvalidData" finished-at="2020-08-12T21:09:41 EDT">
          <params>
            <param index="0">
              <value>
                <![CDATA[abcdef@email.com]]>
              </value>
            </param>
            <param index="1">
              <value>
                <![CDATA[abcdef]]>
              </value>
            </param>
          </params>
          <reporter-output>
          </reporter-output>
        </test-method> <!-- loginInvalidTestcase -->
        <test-method status="PASS" signature="loginInvalidTestcase(java.lang.String, java.lang.String)[pri:4, instance:com.qa.Ispeak.tests.HomePageTest@4c9e9fb8]" name="loginInvalidTestcase" duration-ms="13960" started-at="2020-08-12T21:09:41 EDT" data-provider="getLoginInvalidData" finished-at="2020-08-12T21:09:55 EDT">
          <params>
            <param index="0">
              <value>
                <![CDATA[abcdef@email.com]]>
              </value>
            </param>
            <param index="1">
              <value>
                <![CDATA[baskanhayriye]]>
              </value>
            </param>
          </params>
          <reporter-output>
          </reporter-output>
        </test-method> <!-- loginInvalidTestcase -->
        <test-method status="PASS" signature="loginInvalidTestcase(java.lang.String, java.lang.String)[pri:4, instance:com.qa.Ispeak.tests.HomePageTest@4c9e9fb8]" name="loginInvalidTestcase" duration-ms="13512" started-at="2020-08-12T21:09:55 EDT" data-provider="getLoginInvalidData" finished-at="2020-08-12T21:10:08 EDT">
          <params>
            <param index="0">
              <value>
                <![CDATA[baskanhayriye@email.com]]>
              </value>
            </param>
            <param index="1">
              <value>
                <![CDATA[babcdef]]>
              </value>
            </param>
          </params>
          <reporter-output>
          </reporter-output>
        </test-method> <!-- loginInvalidTestcase -->
        <test-method status="PASS" signature="tearDown()[pri:0, instance:com.qa.Ispeak.tests.HomePageTest@4c9e9fb8]" name="tearDown" is-config="true" duration-ms="173" started-at="2020-08-12T21:10:08 EDT" finished-at="2020-08-12T21:10:09 EDT">
          <reporter-output>
          </reporter-output>
        </test-method> <!-- tearDown -->
      </class> <!-- com.qa.Ispeak.tests.HomePageTest -->
    </test> <!-- Ispeak Fuctional Regression Test -->
  </suite> <!-- Ispeak Regression Test Suite -->
</testng-results>
