<?xml version="1.0" encoding="UTF-8"?>
<!-- Generated by org.testng.reporters.JUnitXMLReporter -->
<testsuite hostname="Hayriyes-MBP" ignored="3" name="Default test" tests="3" failures="0" timestamp="2020-08-12T20:55:17 EDT" time="51.81" errors="0">
  <testcase name="loginInvalidTestcase" time="14.257" classname="com.qa.Ispeak.tests.HomePageTest"/>
  <testcase name="loginInvalidTestcase" time="14.056" classname="com.qa.Ispeak.tests.HomePageTest"/>
  <testcase name="loginInvalidTestcase" time="14.005" classname="com.qa.Ispeak.tests.HomePageTest"/>
  <testcase name="verifyPageHeadertest" time="0.0" classname="com.qa.Ispeak.tests.HomePageTest">
    <ignored/>
  </testcase> <!-- verifyPageHeadertest -->
  <testcase name="verifyChatBoxHeader" time="0.0" classname="com.qa.Ispeak.tests.HomePageTest">
    <ignored/>
  </testcase> <!-- verifyChatBoxHeader -->
  <testcase name="verifyPageTitleTest" time="0.0" classname="com.qa.Ispeak.tests.HomePageTest">
    <ignored/>
  </testcase> <!-- verifyPageTitleTest -->
</testsuite> <!-- Default test -->
